app/build/outputs/logs/manifest-merger-debug-report.txt
-- Merging decision tree log ---
manifest
ADDED from src\main\AndroidManifest.xml:2:1-142:12
	package
		ADDED from src\main\AndroidManifest.xml:3:5-31
		INJECTED from src\main\AndroidManifest.xml
		INJECTED from src\main\AndroidManifest.xml
	android:versionName
		ADDED from src\main\AndroidManifest.xml:5:5-30
		INJECTED from src\main\AndroidManifest.xml
		INJECTED from src\main\AndroidManifest.xml
	android:versionCode
		ADDED from src\main\AndroidManifest.xml:4:5-28
		INJECTED from src\main\AndroidManifest.xml
		INJECTED from src\main\AndroidManifest.xml
	xmlns:android
		ADDED from src\main\AndroidManifest.xml:2:11-69
uses-permission#android.permission.READ_CONTACTS
ADDED from src\main\AndroidManifest.xml:7:5-72
	android:name
		ADDED from src\main\AndroidManifest.xml:7:22-69
uses-permission#android.permission.SEND_SMS
ADDED from src\main\AndroidManifest.xml:8:5-67
	android:name
		ADDED from src\main\AndroidManifest.xml:8:22-64
uses-permission#android.permission.RECEIVE_SMS
ADDED from src\main\AndroidManifest.xml:9:5-70
	android:name
		ADDED from src\main\AndroidManifest.xml:9:22-67
uses-permission#android.permission.READ_SMS
ADDED from src\main\AndroidManifest.xml:10:5-67
	android:name
		ADDED from src\main\AndroidManifest.xml:10:22-64
uses-permission#android.permission.WRITE_SMS
ADDED from src\main\AndroidManifest.xml:11:5-68
	android:name
		ADDED from src\main\AndroidManifest.xml:11:22-65
uses-permission#android.permission.INTERNET
ADDED from src\main\AndroidManifest.xml:12:5-67
	android:name
		ADDED from src\main\AndroidManifest.xml:12:22-64
uses-permission#android.permission.ACCESS_NETWORK_STATE
ADDED from src\main\AndroidManifest.xml:13:5-79
	android:name
		ADDED from src\main\AndroidManifest.xml:13:22-76
uses-permission#android.permission.CALL_PHONE
ADDED from src\main\AndroidManifest.xml:14:5-69
	android:name
		ADDED from src\main\AndroidManifest.xml:14:22-66
uses-permission#android.permission.READ_PHONE_STATE
ADDED from src\main\AndroidManifest.xml:15:5-75
	android:name
		ADDED from src\main\AndroidManifest.xml:15:22-72
uses-permission#android.permission.WRITE_SETTINGS
ADDED from src\main\AndroidManifest.xml:16:5-73
	android:name
		ADDED from src\main\AndroidManifest.xml:16:22-70
uses-permission#android.permission.VIBRATE
ADDED from src\main\AndroidManifest.xml:17:5-66
	android:name
		ADDED from src\main\AndroidManifest.xml:17:22-63
uses-sdk
ADDED from src\main\AndroidManifest.xml:19:5-21:41
MERGED from [com.android.support:design:22.2.0] AndroidManifest.xml:20:5-43
MERGED from [com.android.support:appcompat-v7:22.2.0] AndroidManifest.xml:20:5-43
MERGED from [com.android.support:support-v4:22.2.0] AndroidManifest.xml:20:5-43
MERGED from [com.google.android.gms:play-services-appindexing:8.1.0] AndroidManifest.xml:18:5-42
MERGED from [com.google.android.gms:play-services-basement:8.1.0] AndroidManifest.xml:18:5-42
	android:targetSdkVersion
		ADDED from src\main\AndroidManifest.xml:21:9-38
		INJECTED from src\main\AndroidManifest.xml
		INJECTED from src\main\AndroidManifest.xml
	android:minSdkVersion
		ADDED from src\main\AndroidManifest.xml:20:9-35
		INJECTED from src\main\AndroidManifest.xml
		INJECTED from src\main\AndroidManifest.xml
application
ADDED from src\main\AndroidManifest.xml:23:5-140:19
MERGED from [com.android.support:design:22.2.0] AndroidManifest.xml:22:5-20
MERGED from [com.android.support:appcompat-v7:22.2.0] AndroidManifest.xml:22:5-20
MERGED from [com.android.support:support-v4:22.2.0] AndroidManifest.xml:22:5-20
MERGED from [com.google.android.gms:play-services-appindexing:8.1.0] AndroidManifest.xml:19:5-20
MERGED from [com.google.android.gms:play-services-basement:8.1.0] AndroidManifest.xml:20:5-24:19
	android:label
		ADDED from src\main\AndroidManifest.xml:26:9-41
	android:allowBackup
		ADDED from src\main\AndroidManifest.xml:24:9-35
	android:icon
		ADDED from src\main\AndroidManifest.xml:25:9-42
	android:theme
		ADDED from src\main\AndroidManifest.xml:27:9-36
meta-data#android.app.default_searchable
ADDED from src\main\AndroidManifest.xml:28:9-30:54
	android:value
		ADDED from src\main\AndroidManifest.xml:30:13-51
	android:name
		ADDED from src\main\AndroidManifest.xml:29:13-58
activity#com.pma.smsecure.Activity.MainActivity
ADDED from src\main\AndroidManifest.xml:32:9-35:20
	android:label
		ADDED from src\main\AndroidManifest.xml:34:13-45
	android:name
		ADDED from src\main\AndroidManifest.xml:33:13-50
activity#com.pma.smsecure.Activity.SplashScreen
ADDED from src\main\AndroidManifest.xml:36:9-45:20
	android:label
		ADDED from src\main\AndroidManifest.xml:38:13-45
	android:name
		ADDED from src\main\AndroidManifest.xml:37:13-50
intent-filter#android.intent.action.MAIN+android.intent.category.LAUNCHER
ADDED from src\main\AndroidManifest.xml:40:13-44:29
action#android.intent.action.MAIN
ADDED from src\main\AndroidManifest.xml:41:17-69
	android:name
		ADDED from src\main\AndroidManifest.xml:41:25-66
category#android.intent.category.LAUNCHER
ADDED from src\main\AndroidManifest.xml:43:17-77
	android:name
		ADDED from src\main\AndroidManifest.xml:43:27-74
activity#com.pma.smsecure.Activity.ConversationActivity
ADDED from src\main\AndroidManifest.xml:46:9-66:20
	android:label
		ADDED from src\main\AndroidManifest.xml:48:13-64
	android:parentActivityName
		ADDED from src\main\AndroidManifest.xml:49:13-64
	android:name
		ADDED from src\main\AndroidManifest.xml:47:13-58
meta-data#android.support.PARENT_ACTIVITY
ADDED from src\main\AndroidManifest.xml:50:13-52:74
	android:value
		ADDED from src\main\AndroidManifest.xml:52:17-71
	android:name
		ADDED from src\main\AndroidManifest.xml:51:17-63
intent-filter#android.intent.action.VIEW+android.intent.category.BROWSABLE+android.intent.category.DEFAULT
ADDED from src\main\AndroidManifest.xml:54:13-65:29
action#android.intent.action.VIEW
ADDED from src\main\AndroidManifest.xml:55:17-69
	android:name
		ADDED from src\main\AndroidManifest.xml:55:25-66
category#android.intent.category.DEFAULT
ADDED from src\main\AndroidManifest.xml:57:17-76
	android:name
		ADDED from src\main\AndroidManifest.xml:57:27-73
category#android.intent.category.BROWSABLE
ADDED from src\main\AndroidManifest.xml:58:17-78
	android:name
		ADDED from src\main\AndroidManifest.xml:58:27-75
data
ADDED from src\main\AndroidManifest.xml:61:17-64:45
	android:host
		ADDED from src\main\AndroidManifest.xml:62:21-52
	android:scheme
		ADDED from src\main\AndroidManifest.xml:64:21-42
	android:pathPrefix
		ADDED from src\main\AndroidManifest.xml:63:21-55
activity#com.pma.smsecure.Activity.SettingsActivity
ADDED from src\main\AndroidManifest.xml:67:9-70:20
	android:label
		ADDED from src\main\AndroidManifest.xml:69:13-60
	android:name
		ADDED from src\main\AndroidManifest.xml:68:13-54
activity#com.pma.smsecure.Activity.ComposeActivity
ADDED from src\main\AndroidManifest.xml:71:9-79:20
	android:label
		ADDED from src\main\AndroidManifest.xml:73:13-59
	android:parentActivityName
		ADDED from src\main\AndroidManifest.xml:74:13-64
	android:windowSoftInputMode
		ADDED from src\main\AndroidManifest.xml:75:13-55
	android:name
		ADDED from src\main\AndroidManifest.xml:72:13-53
activity#com.pma.smsecure.Activity.SearchResultsActivity
ADDED from src\main\AndroidManifest.xml:80:9-94:20
	android:label
		ADDED from src\main\AndroidManifest.xml:82:13-66
	android:parentActivityName
		ADDED from src\main\AndroidManifest.xml:83:13-64
	android:name
		ADDED from src\main\AndroidManifest.xml:81:13-59
intent-filter#android.intent.action.SEARCH
ADDED from src\main\AndroidManifest.xml:84:13-86:29
action#android.intent.action.SEARCH
ADDED from src\main\AndroidManifest.xml:85:17-71
	android:name
		ADDED from src\main\AndroidManifest.xml:85:25-68
intent-filter#android.intent.action.VIEW
ADDED from src\main\AndroidManifest.xml:87:13-89:29
meta-data#android.app.searchable
ADDED from src\main\AndroidManifest.xml:91:13-93:54
	android:resource
		ADDED from src\main\AndroidManifest.xml:93:17-51
	android:name
		ADDED from src\main\AndroidManifest.xml:92:17-54
activity#com.pma.smsecure.Activity.ActivitySettings
ADDED from src\main\AndroidManifest.xml:95:9-98:20
	android:theme
		ADDED from src\main\AndroidManifest.xml:97:13-66
	android:name
		ADDED from src\main\AndroidManifest.xml:96:13-54
activity#com.pma.smsecure.Activity.ShowSettingsActivity
ADDED from src\main\AndroidManifest.xml:99:9-102:20
	android:label
		ADDED from src\main\AndroidManifest.xml:101:13-65
	android:name
		ADDED from src\main\AndroidManifest.xml:100:13-58
receiver#com.pma.smsecure.Receiver.SMSReceiver
ADDED from src\main\AndroidManifest.xml:104:9-108:20
	android:name
		ADDED from src\main\AndroidManifest.xml:104:19-55
intent-filter#android.provider.Telephony.SMS_RECEIVED
ADDED from src\main\AndroidManifest.xml:105:13-107:29
action#android.provider.Telephony.SMS_RECEIVED
ADDED from src\main\AndroidManifest.xml:106:17-82
	android:name
		ADDED from src\main\AndroidManifest.xml:106:25-79
receiver#com.pma.smsecure.Receiver.SMSReceiver2
ADDED from src\main\AndroidManifest.xml:109:9-121:20
	android:enabled
		ADDED from src\main\AndroidManifest.xml:111:13-35
	android:exported
		ADDED from src\main\AndroidManifest.xml:112:13-36
	android:name
		ADDED from src\main\AndroidManifest.xml:110:13-50
intent-filter#android.intent.action.DATA_SMS_RECEIVED
ADDED from src\main\AndroidManifest.xml:113:13-120:29
	android:priority
		ADDED from src\main\AndroidManifest.xml:113:28-49
action#android.intent.action.DATA_SMS_RECEIVED
ADDED from src\main\AndroidManifest.xml:114:17-82
	android:name
		ADDED from src\main\AndroidManifest.xml:114:25-79
service#com.pma.smsecure.Service.SMSService
ADDED from src\main\AndroidManifest.xml:123:9-124:19
	android:name
		ADDED from src\main\AndroidManifest.xml:123:18-52
service#com.pma.smsecure.Service.SyncService
ADDED from src\main\AndroidManifest.xml:125:9-126:19
	android:name
		ADDED from src\main\AndroidManifest.xml:125:18-53
activity#com.pma.smsecure.Activity.PublicKeyInfoActivity
ADDED from src\main\AndroidManifest.xml:128:9-135:20
	android:label
		ADDED from src\main\AndroidManifest.xml:130:13-67
	android:parentActivityName
		ADDED from src\main\AndroidManifest.xml:131:13-64
	android:name
		ADDED from src\main\AndroidManifest.xml:129:13-75
meta-data#com.google.android.gms.version
ADDED from src\main\AndroidManifest.xml:137:9-139:69
MERGED from [com.google.android.gms:play-services-basement:8.1.0] AndroidManifest.xml:21:9-23:69
	android:value
		ADDED from src\main\AndroidManifest.xml:139:13-66
	android:name
		ADDED from src\main\AndroidManifest.xml:138:13-58